<?xml version="1.0" encoding="UTF-8"?>
<testsuite xmlns:xsi="http://www.w3.org/2001/XMLSchema-instance" xsi:noNamespaceSchemaLocation="https://maven.apache.org/surefire/maven-surefire-plugin/xsd/surefire-test-report.xsd" name="net.javaguides.springboot.SpringbootRestfulWebservicesApplicationTests" time="0.332" tests="1" errors="1" skipped="0" failures="0">
  <properties>
[...]
</properties>
  <testcase name="net.javaguides.springboot.SpringbootRestfulWebservicesApplicationTests" classname="net.javaguides.springboot.SpringbootRestfulWebservicesApplicationTests" time="0.331">
    <error message="&apos;org.junit.jupiter.api.extension.ExecutableInvoker org.junit.jupiter.api.extension.ExtensionContext.getExecutableInvoker()&apos;" type="java.lang.NoSuchMethodError">java.lang.NoSuchMethodError: 'org.junit.jupiter.api.extension.ExecutableInvoker org.junit.jupiter.api.extension.ExtensionContext.getExecutableInvoker()'
</error>
    <system-out><![CDATA[10:57:49.363 [main] INFO org.springframework.test.context.support.AnnotationConfigContextLoaderUtils -- Could not detect default configuration classes for test class [net.javaguides.springboot.SpringbootRestfulWebservicesApplicationTests]: SpringbootRestfulWebservicesApplicationTests does not declare any static, non-private, non-final, nested classes annotated with @Configuration.
10:57:49.460 [main] INFO org.springframework.boot.test.context.SpringBootTestContextBootstrapper -- Found @SpringBootConfiguration net.javaguides.springboot.SpringbootRestfulWebservicesApplication for test class net.javaguides.springboot.SpringbootRestfulWebservicesApplicationTests
]]></system-out>
  </testcase>
</testsuite>